[0;32m[0;32mI (1579) uart: queue free spaces: 10[0m
[0;32mI (1579) MAIN: START OF SERVER[0m
I (1619) wifi:wifi driver task: 3ffc1adc, prio:23, stack:6656, core=0
I (1639) wifi:wifi firmware version: a9f5b59
I (1639) wifi:wifi certification version: v7.0
I (1639) wifi:config NVS flash: enabled
I (1639) wifi:config nano formating: disabled
I (1639) wifi:Init data frame dynamic rx buffer num: 32
I (1649) wifi:Init static rx mgmt buffer num: 5
I (1649) wifi:Init management short buffer num: 32
I (1649) wifi:Init dynamic tx buffer num: 32
I (1659) wifi:Init static rx buffer size: 1600
I (1659) wifi:Init static rx buffer num: 10
I (1669) wifi:Init dynamic rx buffer num: 32
[0;32mI (1669) wifi_init: rx ba win: 6[0m
[0;32mI (1669) wifi_init: tcpip mbox: 32[0m
[0;32mI (1679) wifi_init: udp mbox: 6[0m
[0;32mI (1679) wifi_init: tcp mbox: 6[0m
[0;32mI (1689) wifi_init: tcp tx win: 5760[0m
[0;32mI (1689) wifi_init: tcp rx win: 5760[0m
[0;32mI (1689) wifi_init: tcp mss: 1440[0m
[0;32mI (1699) wifi_init: WiFi IRAM OP enabled[0m
[0;32mI (1699) wifi_init: WiFi RX IRAM OP enabled[0m
[0;32mI (1709) phy_init: phy_version 4791,2c4672b,Dec 20 2023,16:06:06[0m
I (1799) wifi:mode : sta (a0:dd:6c:9b:f1:bc)
I (1799) wifi:enable tsf
I (1819) wifi:new:<4,0>, old:<1,0>, ap:<255,255>, sta:<4,0>, prof:1
I (1819) wifi:state: init -> auth (b0)
I (1829) wifi:state: auth -> assoc (0)
I (1839) wifi:state: assoc -> run (10)
I (1909) wifi:connected with INEA-33EE_2.4G, aid = 4, channel 4, BW20, bssid = e4:47:b3:d8:b6:4a
I (1909) wifi:security: WPA2-PSK, phy: bgn, rssi: -57
I (1909) wifi:pm start, type: 1

I (1919) wifi:dp: 1, bi: 102400, li: 3, scale listen interval from 307200 us to 307200 us
I (1919) wifi:AP's beacon interval = 102400 us, DTIM period = 1
I (4099) wifi:<ba-add>idx:0 (ifx:0, e4:47:b3:d8:b6:4a), tid:0, ssn:1, winSize:64
[0;32mI (4929) esp_netif_handlers: sta ip: 192.168.1.7, mask: 255.255.255.0, gw: 192.168.1.1[0m
[0;32mI (4929) CONNECTION: WIFI: Connected 192.168.1.7[0m
[0;32mI (4929) MAIN: WIFI INIT OKEY
[0m
[0;32mI (4939) CONNECTION: Other event id:7[0m
[0;32mI (4969) CONNECTION: MQTT_EVENT_CONNECTED[0m
[0;32mI (4969) CONNECTION: sent publish successful, msg_id=44988[0m
[0;32mI (4979) CONNECTION: sent subscribe successful, msg_id=49991[0m
[0;32mI (4979) CONNECTION: sent subscribe successful, msg_id=31142[0m
[0;32mI (4989) CONNECTION: sent unsubscribe successful, msg_id=27176[0m
[0;32mI (4989) CONNECTION: MQTT_EVENT_PUBLISHED, msg_id=44988[0m
[0;32mI (4999) CONNECTION: MQTT_EVENT_SUBSCRIBED, msg_id=49991[0m
[0;32mI (4999) CONNECTION: sent publish successful, msg_id=0[0m
[0;32mI (5009) CONNECTION: MQTT_EVENT_SUBSCRIBED, msg_id=31142[0m
[0;32mI (5019) CONNECTION: sent publish successful, msg_id=0[0m
[0;32mI (5019) CONNECTION: MQTT_EVENT_UNSUBSCRIBED, msg_id=27176[0m
[0;32mI (5029) CONNECTION: MQTT_EVENT_DATA[0m
TOPIC=/topic/qos0
DATA=data
[0;32mI (5099) MAIN: BH1750 - Lux: 17.500000[0m
[0;32mI (5109) CONNECTION: MQTT_EVENT_DATA[0m
TOPIC=/topic/qos0
DATA=data
[0;32mI (5159) MAIN: BMP280 - Temp: 24.8, Press: 1010.2[0m
[0;32mI (5209) MAIN: ATH20 - Temp: 24.9, Hum: 54.0[0m
[0;32mI (6019) MAIN: HEARTHBEAT[0m
[0;32mI (6139) MAIN: BH1750 - Lux: 17.500000[0m
[0;32mI (6379) MAIN: ATH20 - Temp: 24.8, Hum: 54.1[0m
[0;32mI (7019) MAIN: HEARTHBEAT[0m
[0;32mI (7179) MAIN: BH1750 - Lux: 17.500000[0m
[0;32mI (7549) MAIN: ATH20 - Temp: 24.8, Hum: 54.2[0m
[0;32mI (8019) MAIN: HEARTHBEAT[0m
[0;32mI (8219) MAIN: BH1750 - Lux: 17.500000[0m
[0;32mI (8729) MAIN: ATH20 - Temp: 24.8, Hum: 54.3[0m
[0;32mI (9019) MAIN: HEARTHBEAT[0m
[0;32mI (9259) MAIN: BH1750 - Lux: 17.500000[0m
[0;32mI (9909) MAIN: ATH20 - Temp: 24.8, Hum: 54.3[0m
[0;32mI (10019) MAIN: HEARTHBEAT[0m
[0;32mI (10289) MAIN: BMP280 - Temp: 24.8, Press: 1010.2[0m
[0;32mI (10319) MAIN: BH1750 - Lux: 17.500000[0m
[0;32mI (11019) MAIN: HEARTHBEAT[0m
[0;32mI (11079) MAIN: ATH20 - Temp: 24.8, Hum: 54.2[0m
[0;32mI (11359) MAIN: BH1750 - Lux: 17.500000[0m
[0;32mI (12019) MAIN: HEARTHBEAT[0m
[0;32mI (12259) MAIN: ATH20 - Temp: 24.8, Hum: 54.1[0m
[0;32mI (12389) MAIN: BH1750 - Lux: 17.500000[0m
[0;32mI (13019) MAIN: HEARTHBEAT[0m
[0;32mI (13409) MAIN: BH1750 - Lux: 17.500000[0m
[0;32mI (13449) MAIN: ATH20 - Temp: 24.8, Hum: 54.1[0m
[0;32mI (14019) MAIN: HEARTHBEAT[0m
[0;32mI (14449) MAIN: BH1750 - Lux: 24.166666[0m
[0;32mI (14619) MAIN: ATH20 - Temp: 24.8, Hum: 54.1[0m
[0;32mI (15019) MAIN: HEARTHBEAT[0m
[0;32mI (15429) MAIN: BMP280 - Temp: 24.8, Press: 1010.2[0m
[0;32mI (15489) MAIN: BH1750 - Lux: 28.333334[0m
[0;32mI (15799) MAIN: ATH20 - Temp: 24.8, Hum: 54.1[0m
[0;32mI (16019) MAIN: HEARTHBEAT[0m
[0;32mI (16529) MAIN: BH1750 - Lux: 23.333334[0m
[0;32mI (16979) MAIN: ATH20 - Temp: 24.8, Hum: 54.1[0m
[0;32mI (17019) MAIN: HEARTHBEAT[0m
[0;32mI (17569) MAIN: BH1750 - Lux: 20.833334[0m
[0;32mI (18019) MAIN: HEARTHBEAT[0m
[0;32mI (18159) MAIN: ATH20 - Temp: 24.8, Hum: 54.0[0m
[0;32mI (18609) MAIN: BH1750 - Lux: 20.833334[0m
[0;32mI (19019) MAIN: HEARTHBEAT[0m
[0;32mI (19339) MAIN: ATH20 - Temp: 24.8, Hum: 53.9[0m
[0;32mI (19649) MAIN: BH1750 - Lux: 20.833334[0m
[0;32mI (20019) MAIN: HEARTHBEAT[0m
[0;32mI (20529) MAIN: ATH20 - Temp: 24.8, Hum: 53.9[0m
[0;32mI (20599) MAIN: BMP280 - Temp: 24.8, Press: 1010.2[0m
[0;32mI (20679) MAIN: BH1750 - Lux: 20.833334[0m
[0;32mI (21019) MAIN: HEARTHBEAT[0m
[0;32mI (21709) MAIN: ATH20 - Temp: 24.8, Hum: 53.8[0m
[0;32mI (21739) MAIN: BH1750 - Lux: 20.833334[0m
[0;32mI (22019) MAIN: HEARTHBEAT[0m
[0;32mI (22779) MAIN: BH1750 - Lux: 25.000000[0m
[0;32mI (22889) MAIN: ATH20 - Temp: 24.8, Hum: 53.8[0m
[0;32mI (23019) MAIN: HEARTHBEAT[0m
