[0;32m[0;32mI (1582) uart: queue free spaces: 10[0m
[0;32mI (1582) MAIN: INIT START[0m
I (1632) wifi:wifi driver task: 3ffc3f78, prio:23, stack:6656, core=0
I (1652) wifi:wifi firmware version: a9f5b59
I (1652) wifi:wifi certification version: v7.0
I (1652) wifi:config NVS flash: enabled
I (1652) wifi:config nano formating: disabled
I (1662) wifi:Init data frame dynamic rx buffer num: 32
I (1662) wifi:Init static rx mgmt buffer num: 5
I (1672) wifi:Init management short buffer num: 32
I (1672) wifi:Init dynamic tx buffer num: 32
I (1682) wifi:Init static rx buffer size: 1600
I (1682) wifi:Init static rx buffer num: 10
I (1682) wifi:Init dynamic rx buffer num: 32
[0;32mI (1692) wifi_init: rx ba win: 6[0m
[0;32mI (1692) wifi_init: tcpip mbox: 32[0m
[0;32mI (1702) wifi_init: udp mbox: 6[0m
[0;32mI (1702) wifi_init: tcp mbox: 6[0m
[0;32mI (1702) wifi_init: tcp tx win: 5760[0m
[0;32mI (1712) wifi_init: tcp rx win: 5760[0m
[0;32mI (1712) wifi_init: tcp mss: 1440[0m
[0;32mI (1722) wifi_init: WiFi IRAM OP enabled[0m
[0;32mI (1722) wifi_init: WiFi RX IRAM OP enabled[0m
[0;32mI (1732) phy_init: phy_version 4791,2c4672b,Dec 20 2023,16:06:06[0m
I (1812) wifi:mode : sta (08:f9:e0:d3:b2:34)
I (1822) wifi:enable tsf
I (1832) wifi:new:<4,0>, old:<1,0>, ap:<255,255>, sta:<4,0>, prof:1
I (1832) wifi:state: init -> auth (b0)
I (1842) wifi:state: auth -> assoc (0)
I (1852) wifi:state: assoc -> run (10)
I (1902) wifi:connected with INEA-33EE_2.4G, aid = 3, channel 4, BW20, bssid = e4:47:b3:d8:b6:4a
I (1902) wifi:security: WPA2-PSK, phy: bgn, rssi: -62
I (1912) wifi:pm start, type: 1

I (1912) wifi:dp: 1, bi: 102400, li: 3, scale listen interval from 307200 us to 307200 us
I (1932) wifi:AP's beacon interval = 102400 us, DTIM period = 1
I (4112) wifi:<ba-add>idx:0 (ifx:0, e4:47:b3:d8:b6:4a), tid:0, ssn:1, winSize:64
[0;32mI (4922) esp_netif_handlers: sta ip: 192.168.1.6, mask: 255.255.255.0, gw: 192.168.1.1[0m
[0;32mI (4922) CONNECTION: WIFI: Connected 192.168.1.6[0m
[0;32mI (4922) MAIN: WIFI INIT OKEY
[0m
[0;32mI (4932) CONNECTION: Other event id:7[0m
[0;32mI (5012) SSD1306: OLED configured successfully[0m
[0;32mI (5112) MAIN: INIT END[0m
[0;32mI (5352) MAIN: ATH20 - Temp: 25.6, Hum: 51.0[0m
[0;32mI (6212) MAIN: HEARTHBEAT[0m
[0;32mI (6642) CONNECTION: MQTT_EVENT_CONNECTED[0m
[0;32mI (6652) CONNECTION: sent publish successful, msg_id=57906[0m
[0;32mI (6652) CONNECTION: sent subscribe successful, msg_id=35212[0m
[0;32mI (6652) CONNECTION: sent subscribe successful, msg_id=36220[0m
[0;32mI (6662) CONNECTION: sent unsubscribe successful, msg_id=25559[0m
[0;32mI (6672) CONNECTION: MQTT_EVENT_PUBLISHED, msg_id=57906[0m
[0;32mI (6682) CONNECTION: MQTT_EVENT_SUBSCRIBED, msg_id=35212[0m
[0;32mI (6682) CONNECTION: sent publish successful, msg_id=0[0m
[0;32mI (6692) CONNECTION: MQTT_EVENT_SUBSCRIBED, msg_id=36220[0m
[0;32mI (6692) CONNECTION: sent publish successful, msg_id=0[0m
[0;32mI (6702) CONNECTION: MQTT_EVENT_UNSUBSCRIBED, msg_id=25559[0m
[0;32mI (6702) CONNECTION: MQTT_EVENT_DATA[0m
TOPIC=/topic/qos0
DATA=data
[0;32mI (6712) CONNECTION: MQTT_EVENT_DATA[0m
TOPIC=/topic/qos0
DATA=data
[0;32mI (6852) MAIN: BMP280 - Temp: 25.9, Press: 1009.8[0m
[0;32mI (6872) MAIN: DISPLAY UPDATE[0m
[0;32mI (7682) MAIN: HEARTHBEAT[0m
[0;32mI (7852) MAIN: ATH20 - Temp: 25.6, Hum: 51.0[0m
[0;32mI (8682) MAIN: HEARTHBEAT[0m
[0;32mI (9032) MAIN: ATH20 - Temp: 25.6, Hum: 51.0[0m
[0;32mI (9682) MAIN: HEARTHBEAT[0m
[0;32mI (10212) MAIN: ATH20 - Temp: 25.6, Hum: 51.0[0m
[0;32mI (10682) MAIN: HEARTHBEAT[0m
[0;32mI (11392) MAIN: ATH20 - Temp: 25.6, Hum: 51.1[0m
[0;32mI (11682) MAIN: HEARTHBEAT[0m
[0;32mI (11982) MAIN: BMP280 - Temp: 25.9, Press: 1009.8[0m
[0;32mI (12012) MAIN: DISPLAY UPDATE[0m
[0;32mI (12522) MAIN: ATH20 - Temp: 25.6, Hum: 51.1[0m
[0;32mI (12682) MAIN: HEARTHBEAT[0m
[0;32mI (13652) MAIN: ATH20 - Temp: 25.6, Hum: 51.1[0m
[0;32mI (13682) MAIN: HEARTHBEAT[0m
[0;32mI (14682) MAIN: HEARTHBEAT[0m
[0;32mI (14832) MAIN: ATH20 - Temp: 25.6, Hum: 51.1[0m
[0;32mI (15682) MAIN: HEARTHBEAT[0m
[0;32mI (16012) MAIN: ATH20 - Temp: 25.6, Hum: 51.1[0m
[0;32mI (16682) MAIN: HEARTHBEAT[0m
[0;32mI (17122) MAIN: BMP280 - Temp: 25.9, Press: 1009.7[0m
[0;32mI (17152) MAIN: DISPLAY UPDATE[0m
[0;32mI (17272) MAIN: ATH20 - Temp: 25.6, Hum: 51.1[0m
[0;32mI (17682) MAIN: HEARTHBEAT[0m
[0;32mI (18402) MAIN: ATH20 - Temp: 25.6, Hum: 51.1[0m
[0;32mI (18682) MAIN: HEARTHBEAT[0m
[0;32mI (19572) MAIN: ATH20 - Temp: 25.5, Hum: 51.1[0m
[0;32mI (19682) MAIN: HEARTHBEAT[0m
[0;32mI (20682) MAIN: HEARTHBEAT[0m
[0;32mI (20732) MAIN: ATH20 - Temp: 25.6, Hum: 51.1[0m
[0;32mI (21682) MAIN: HEARTHBEAT[0m
[0;32mI (21912) MAIN: ATH20 - Temp: 25.6, Hum: 51.1[0m
[0;32mI (22262) MAIN: BMP280 - Temp: 25.9, Press: 1009.8[0m
[0;32mI (22292) MAIN: DISPLAY UPDATE[0m
[0;32mI (22682) MAIN: HEARTHBEAT[0m
[0;32mI (23042) MAIN: ATH20 - Temp: 25.6, Hum: 51.1[0m
[0;32mI (23682) MAIN: HEARTHBEAT[0m
[0;32mI (24262) MAIN: ATH20 - Temp: 25.6, Hum: 51.1[0m
[0;32mI (24682) MAIN: HEARTHBEAT[0m
[0;32mI (25442) MAIN: ATH20 - Temp: 25.6, Hum: 51.1[0m
[0;32mI (25682) MAIN: HEARTHBEAT[0m
[0;32mI (26622) MAIN: ATH20 - Temp: 25.6, Hum: 51.1[0m
[0;32mI (26682) MAIN: HEARTHBEAT[0m
[0;32mI (27402) MAIN: BMP280 - Temp: 25.9, Press: 1009.7[0m
[0;32mI (27432) MAIN: DISPLAY UPDATE[0m
[0;32mI (27682) MAIN: HEARTHBEAT[0m
[0;32mI (27742) MAIN: ATH20 - Temp: 25.6, Hum: 51.1[0m
[0;32mI (28682) MAIN: HEARTHBEAT[0m
[0;32mI (28862) MAIN: ATH20 - Temp: 25.6, Hum: 51.1[0m
[0;32mI (29682) MAIN: HEARTHBEAT[0m
[0;32mI (30042) MAIN: ATH20 - Temp: 25.6, Hum: 51.1[0m
[0;32mI (30682) MAIN: HEARTHBEAT[0m
[0;32mI (31222) MAIN: ATH20 - Temp: 25.6, Hum: 51.1[0m
[0;32mI (31682) MAIN: HEARTHBEAT[0m
[0;32mI (32402) MAIN: ATH20 - Temp: 25.6, Hum: 51.1[0m
[0;32mI (32542) MAIN: BMP280 - Temp: 25.9, Press: 1009.8[0m
[0;32mI (32572) MAIN: DISPLAY UPDATE[0m
[0;32mI (32682) MAIN: HEARTHBEAT[0m
[0;32mI (33522) MAIN: ATH20 - Temp: 25.6, Hum: 51.1[0m
[0;32mI (33682) MAIN: HEARTHBEAT[0m
[0;32mI (34682) MAIN: HEARTHBEAT[0m
[0;32mI (34702) MAIN: ATH20 - Temp: 25.6, Hum: 51.1[0m
[0;32mI (35682) MAIN: HEARTHBEAT[0m
[0;32mI (35872) MAIN: ATH20 - Temp: 25.6, Hum: 51.1[0m
[0;32mI (36682) MAIN: HEARTHBEAT[0m
[0;32mI (37052) MAIN: ATH20 - Temp: 25.6, Hum: 51.1[0m
[0;32mI (37682) MAIN: HEARTHBEAT[0m
[0;32mI (37682) MAIN: BMP280 - Temp: 25.9, Press: 1009.8[0m
[0;32mI (37702) MAIN: DISPLAY UPDATE[0m
[0;32mI (38182) MAIN: ATH20 - Temp: 25.6, Hum: 51.1[0m
[0;32mI (38682) MAIN: HEARTHBEAT[0m
[0;32mI (39312) MAIN: ATH20 - Temp: 25.6, Hum: 51.1[0m
[0;32mI (39682) MAIN: HEARTHBEAT[0m
[0;32mI (40492) MAIN: ATH20 - Temp: 25.5, Hum: 51.1[0m
[0;32mI (40682) MAIN: HEARTHBEAT[0m
[0;32mI (41672) MAIN: ATH20 - Temp: 25.6, Hum: 51.1[0m
[0;32mI (41682) MAIN: HEARTHBEAT[0m
[0;32mI (42682) MAIN: HEARTHBEAT[0m
[0;32mI (42842) MAIN: ATH20 - Temp: 25.6, Hum: 51.1[0m
[0;32mI (42982) MAIN: BMP280 - Temp: 25.9, Press: 1009.9[0m
[0;32mI (43002) MAIN: DISPLAY UPDATE[0m
[0;32mI (43682) MAIN: HEARTHBEAT[0m
[0;32mI (43972) MAIN: ATH20 - Temp: 25.6, Hum: 51.1[0m
[0;32mI (44682) MAIN: HEARTHBEAT[0m
[0;32mI (45152) MAIN: ATH20 - Temp: 25.6, Hum: 51.1[0m
[0;32mI (45682) MAIN: HEARTHBEAT[0m
[0;32mI (46332) MAIN: ATH20 - Temp: 25.6, Hum: 51.1[0m
[0;32mI (46682) MAIN: HEARTHBEAT[0m
[0;32mI (47512) MAIN: ATH20 - Temp: 25.6, Hum: 51.1[0m
[0;32mI (47682) MAIN: HEARTHBEAT[0m
[0;32mI (48112) MAIN: BMP280 - Temp: 25.8, Press: 1009.9[0m
[0;32mI (48152) MAIN: DISPLAY UPDATE[0m
[0;32mI (48642) MAIN: ATH20 - Temp: 25.6, Hum: 51.1[0m
[0;32mI (48682) MAIN: HEARTHBEAT[0m
[0;32mI (49682) MAIN: HEARTHBEAT[0m
[0;32mI (49762) MAIN: ATH20 - Temp: 25.6, Hum: 51.1[0m
[0;32mI (50682) MAIN: HEARTHBEAT[0m
[0;32mI (50932) MAIN: ATH20 - Temp: 25.5, Hum: 51.2[0m
[0;32mI (51682) MAIN: HEARTHBEAT[0m
[0;32mI (52112) MAIN: ATH20 - Temp: 25.5, Hum: 51.2[0m
[0;32mI (52682) MAIN: HEARTHBEAT[0m
[0;32mI (53292) MAIN: ATH20 - Temp: 25.5, Hum: 51.2[0m
[0;32mI (53432) MAIN: BMP280 - Temp: 25.8, Press: 1009.9[0m
[0;32mI (53442) MAIN: DISPLAY UPDATE[0m
[0;32mI (53682) MAIN: HEARTHBEAT[0m
[0;32mI (54422) MAIN: ATH20 - Temp: 25.5, Hum: 51.2[0m
[0;32mI (54682) MAIN: HEARTHBEAT[0m
[0;32mI (55602) MAIN: ATH20 - Temp: 25.6, Hum: 51.2[0m
[0;32mI (55682) MAIN: HEARTHBEAT[0m
[0;32mI (56682) MAIN: HEARTHBEAT[0m
[0;32mI (56782) MAIN: ATH20 - Temp: 25.6, Hum: 51.2[0m
[0;32mI (57682) MAIN: HEARTHBEAT[0m
[0;32mI (57952) MAIN: ATH20 - Temp: 25.5, Hum: 51.2[0m
[0;32mI (58552) MAIN: BMP280 - Temp: 25.9, Press: 1009.8[0m
[0;32mI (58582) MAIN: DISPLAY UPDATE[0m
[0;32mI (58682) MAIN: HEARTHBEAT[0m
[0;32mI (59082) MAIN: ATH20 - Temp: 25.5, Hum: 51.2[0m
[0;32mI (59682) MAIN: HEARTHBEAT[0m
[0;32mI (60212) MAIN: ATH20 - Temp: 25.5, Hum: 51.2[0m
[0;32mI (60682) MAIN: HEARTHBEAT[0m
[0;32mI (61392) MAIN: ATH20 - Temp: 25.5, Hum: 51.2[0m
[0;32mI (61682) MAIN: HEARTHBEAT[0m
[0;32mI (62572) MAIN: ATH20 - Temp: 25.6, Hum: 51.1[0m
[0;32mI (62682) MAIN: HEARTHBEAT[0m
[0;32mI (63682) MAIN: HEARTHBEAT[0m
[0;32mI (63692) MAIN: BMP280 - Temp: 25.8, Press: 1009.9[0m
[0;32mI (63722) MAIN: DISPLAY UPDATE[0m
[0;32mI (63822) MAIN: ATH20 - Temp: 25.6, Hum: 51.1[0m
[0;32mI (64682) MAIN: HEARTHBEAT[0m
[0;32mI (64942) MAIN: ATH20 - Temp: 25.6, Hum: 51.1[0m
[0;32mI (65682) MAIN: HEARTHBEAT[0m
[0;32mI (66122) MAIN: ATH20 - Temp: 25.5, Hum: 51.2[0m
[0;32mI (66682) MAIN: HEARTHBEAT[0m
[0;32mI (67302) MAIN: ATH20 - Temp: 25.6, Hum: 51.3[0m
[0;32mI (67682) MAIN: HEARTHBEAT[0m
[0;32mI (68492) MAIN: ATH20 - Temp: 25.5, Hum: 51.2[0m
[0;32mI (68682) MAIN: HEARTHBEAT[0m
[0;32mI (68822) MAIN: BMP280 - Temp: 25.8, Press: 1009.9[0m
[0;32mI (68852) MAIN: DISPLAY UPDATE[0m
[0;32mI (69622) MAIN: ATH20 - Temp: 25.5, Hum: 51.2[0m
[0;32mI (69682) MAIN: HEARTHBEAT[0m
[0;32mI (70682) MAIN: HEARTHBEAT[0m
[0;32mI (70852) MAIN: ATH20 - Temp: 25.5, Hum: 51.2[0m
[0;32mI (71682) MAIN: HEARTHBEAT[0m
[0;32mI (72032) MAIN: ATH20 - Temp: 25.5, Hum: 51.2[0m
[0;32mI (72682) MAIN: HEARTHBEAT[0m
[0;32mI (73232) MAIN: ATH20 - Temp: 25.5, Hum: 51.3[0m
[0;32mI (73682) MAIN: HEARTHBEAT[0m
[0;32mI (73962) MAIN: BMP280 - Temp: 25.8, Press: 1009.8[0m
[0;32mI (73992) MAIN: DISPLAY UPDATE[0m
[0;32mI (74352) MAIN: ATH20 - Temp: 25.5, Hum: 51.3[0m
[0;32mI (74682) MAIN: HEARTHBEAT[0m
[0;32mI (75482) MAIN: ATH20 - Temp: 25.5, Hum: 51.3[0m
[0;32mI (75682) MAIN: HEARTHBEAT[0m
[0;32mI (76652) MAIN: ATH20 - Temp: 25.6, Hum: 51.3[0m
[0;32mI (76682) MAIN: HEARTHBEAT[0m
[0;32mI (77682) MAIN: HEARTHBEAT[0m
[0;32mI (77832) MAIN: ATH20 - Temp: 25.6, Hum: 51.3[0m
[0;32mI (78682) MAIN: HEARTHBEAT[0m
[0;32mI (79012) MAIN: ATH20 - Temp: 25.5, Hum: 51.3[0m
[0;32mI (79152) MAIN: BMP280 - Temp: 25.8, Press: 1009.8[0m
[0;32mI (79182) MAIN: DISPLAY UPDATE[0m
[0;32mI (79682) MAIN: HEARTHBEAT[0m
[0;32mI (80142) MAIN: ATH20 - Temp: 25.5, Hum: 51.3[0m
[0;32mI (80682) MAIN: HEARTHBEAT[0m
[0;32mI (81312) MAIN: ATH20 - Temp: 25.6, Hum: 51.3[0m
[0;32mI (81682) MAIN: HEARTHBEAT[0m
[0;32mI (82492) MAIN: ATH20 - Temp: 25.6, Hum: 51.3[0m
[0;32mI (82682) MAIN: HEARTHBEAT[0m
[0;32mI (83672) MAIN: ATH20 - Temp: 25.6, Hum: 51.2[0m
[0;32mI (83682) MAIN: HEARTHBEAT[0m
[0;32mI (84292) MAIN: BMP280 - Temp: 25.8, Press: 1009.9[0m
[0;32mI (84302) MAIN: DISPLAY UPDATE[0m
[0;32mI (84682) MAIN: HEARTHBEAT[0m
[0;32mI (84782) MAIN: ATH20 - Temp: 25.6, Hum: 51.2[0m
[0;32mI (85682) MAIN: HEARTHBEAT[0m
[0;32mI (85912) MAIN: ATH20 - Temp: 25.6, Hum: 51.2[0m
[0;32mI (86682) MAIN: HEARTHBEAT[0m
[0;32mI (87092) MAIN: ATH20 - Temp: 25.6, Hum: 51.2[0m
[0;32mI (87682) MAIN: HEARTHBEAT[0m
[0;32mI (88272) MAIN: ATH20 - Temp: 25.5, Hum: 51.2[0m
[0;32mI (88682) MAIN: HEARTHBEAT[0m
[0;32mI (89452) MAIN: ATH20 - Temp: 25.6, Hum: 51.3[0m
[0;32mI (89582) MAIN: BMP280 - Temp: 25.8, Press: 1009.9[0m
[0;32mI (89612) MAIN: DISPLAY UPDATE[0m
[0;32mI (89682) MAIN: HEARTHBEAT[0m
[0;32mI (90582) MAIN: ATH20 - Temp: 25.6, Hum: 51.3[0m
[0;32mI (90682) MAIN: HEARTHBEAT[0m
[0;32mI (91682) MAIN: HEARTHBEAT[0m
[0;32mI (91762) MAIN: ATH20 - Temp: 25.6, Hum: 51.3[0m
[0;32mI (92682) MAIN: HEARTHBEAT[0m
[0;32mI (92942) MAIN: ATH20 - Temp: 25.5, Hum: 51.2[0m
[0;32mI (93682) MAIN: HEARTHBEAT[0m
[0;32mI (94122) MAIN: ATH20 - Temp: 25.5, Hum: 51.2[0m
[0;32mI (94682) MAIN: HEARTHBEAT[0m
[0;32mI (94712) MAIN: BMP280 - Temp: 25.8, Press: 1010.0[0m
[0;32mI (94742) MAIN: DISPLAY UPDATE[0m
[0;32mI (95252) MAIN: ATH20 - Temp: 25.5, Hum: 51.2[0m
[0;32mI (95682) MAIN: HEARTHBEAT[0m
[0;32mI (96382) MAIN: ATH20 - Temp: 25.5, Hum: 51.2[0m
[0;32mI (96682) MAIN: HEARTHBEAT[0m
[0;32mI (97562) MAIN: ATH20 - Temp: 25.5, Hum: 51.2[0m
[0;32mI (97682) MAIN: HEARTHBEAT[0m
[0;32mI (98682) MAIN: HEARTHBEAT[0m
[0;32mI (98742) MAIN: ATH20 - Temp: 25.5, Hum: 51.2[0m
[0;32mI (99682) MAIN: HEARTHBEAT[0m
[0;32mI (99852) MAIN: BMP280 - Temp: 25.8, Press: 1009.9[0m
[0;32mI (99862) MAIN: DISPLAY UPDATE[0m
[0;32mI (99992) MAIN: ATH20 - Temp: 25.5, Hum: 51.2[0m
[0;32mI (100682) MAIN: HEARTHBEAT[0m
[0;32mI (101132) MAIN: ATH20 - Temp: 25.5, Hum: 51.2[0m
[0;32mI (101682) MAIN: HEARTHBEAT[0m
[0;32mI (102312) MAIN: ATH20 - Temp: 25.5, Hum: 51.2[0m
[0;32mI (102682) MAIN: HEARTHBEAT[0m
[0;32mI (103492) MAIN: ATH20 - Temp: 25.5, Hum: 51.1[0m
[0;32mI (103682) MAIN: HEARTHBEAT[0m
[0;32mI (104672) MAIN: ATH20 - Temp: 25.5, Hum: 51.2[0m
[0;32mI (104682) MAIN: HEARTHBEAT[0m
[0;32mI (104972) MAIN: BMP280 - Temp: 25.8, Press: 1009.9[0m
[0;32mI (105002) MAIN: DISPLAY UPDATE[0m
[0;32mI (105682) MAIN: HEARTHBEAT[0m
[0;32mI (105802) MAIN: ATH20 - Temp: 25.5, Hum: 51.2[0m
[0;32mI (106682) MAIN: HEARTHBEAT[0m
[0;32mI (106982) MAIN: ATH20 - Temp: 25.5, Hum: 51.1[0m
[0;32mI (107682) MAIN: HEARTHBEAT[0m
[0;32mI (108162) MAIN: ATH20 - Temp: 25.5, Hum: 51.1[0m
[0;32mI (108682) MAIN: HEARTHBEAT[0m
[0;32mI (109342) MAIN: ATH20 - Temp: 25.5, Hum: 51.2[0m
[0;32mI (109682) MAIN: HEARTHBEAT[0m
[0;32mI (110112) MAIN: BMP280 - Temp: 25.8, Press: 1009.9[0m
[0;32mI (110142) MAIN: DISPLAY UPDATE[0m
[0;32mI (110462) MAIN: ATH20 - Temp: 25.5, Hum: 51.2[0m
[0;32mI (110682) MAIN: HEARTHBEAT[0m
[0;32mI (111592) MAIN: ATH20 - Temp: 25.5, Hum: 51.2[0m
[0;32mI (111682) MAIN: HEARTHBEAT[0m
[0;32mI (112682) MAIN: HEARTHBEAT[0m
[0;32mI (112772) MAIN: ATH20 - Temp: 25.5, Hum: 51.2[0m
[0;32mI (113682) MAIN: HEARTHBEAT[0m
[0;32mI (113952) MAIN: ATH20 - Temp: 25.5, Hum: 51.2[0m
[0;32mI (114682) MAIN: HEARTHBEAT[0m
[0;32mI (115132) MAIN: ATH20 - Temp: 25.5, Hum: 51.2[0m
[0;32mI (115262) MAIN: BMP280 - Temp: 25.8, Press: 1009.9[0m
[0;32mI (115292) MAIN: DISPLAY UPDATE[0m
[0;32mI (115682) MAIN: HEARTHBEAT[0m
[0;32mI (116252) MAIN: ATH20 - Temp: 25.5, Hum: 51.2[0m
[0;32mI (116682) MAIN: HEARTHBEAT[0m
[0;32mI (117432) MAIN: ATH20 - Temp: 25.5, Hum: 51.3[0m
[0;32mI (117682) MAIN: HEARTHBEAT[0m
[0;32mI (118612) MAIN: ATH20 - Temp: 25.5, Hum: 51.3[0m
[0;32mI (118682) MAIN: HEARTHBEAT[0m
[0;32mI (119682) MAIN: HEARTHBEAT[0m
[0;32mI (119792) MAIN: ATH20 - Temp: 25.5, Hum: 51.3[0m
[0;32mI (120402) MAIN: BMP280 - Temp: 25.8, Press: 1010.0[0m
[0;32mI (120432) MAIN: DISPLAY UPDATE[0m
[0;32mI (120682) MAIN: HEARTHBEAT[0m
[0;32mI (120932) MAIN: ATH20 - Temp: 25.5, Hum: 51.3[0m
[0;32mI (121682) MAIN: HEARTHBEAT[0m
[0;32mI (122062) MAIN: ATH20 - Temp: 25.5, Hum: 51.3[0m
[0;32mI (122682) MAIN: HEARTHBEAT[0m
[0;32mI (123242) MAIN: ATH20 - Temp: 25.5, Hum: 51.8[0m
[0;32mI (123682) MAIN: HEARTHBEAT[0m
[0;32mI (124422) MAIN: ATH20 - Temp: 25.5, Hum: 52.0[0m
[0;32mI (124682) MAIN: HEARTHBEAT[0m
[0;32mI (125532) MAIN: BMP280 - Temp: 25.8, Press: 1009.9[0m
[0;32mI (125562) MAIN: DISPLAY UPDATE[0m
[0;32mI (125682) MAIN: HEARTHBEAT[0m
[0;32mI (125682) MAIN: ATH20 - Temp: 25.5, Hum: 52.0[0m
[0;32mI (126682) MAIN: HEARTHBEAT[0m
[0;32mI (126832) MAIN: ATH20 - Temp: 25.5, Hum: 52.0[0m
[0;32mI (127682) MAIN: HEARTHBEAT[0m
[0;32mI (128012) MAIN: ATH20 - Temp: 25.5, Hum: 52.3[0m
[0;32mI (128682) MAIN: HEARTHBEAT[0m
[0;32mI (129192) MAIN: ATH20 - Temp: 25.5, Hum: 52.3[0m
[0;32mI (129682) MAIN: HEARTHBEAT[0m
[0;32mI (130372) MAIN: ATH20 - Temp: 25.5, Hum: 52.3[0m
[0;32mI (130672) MAIN: BMP280 - Temp: 25.8, Press: 1009.8[0m
[0;32mI (130682) MAIN: HEARTHBEAT[0m
[0;32mI (130692) MAIN: DISPLAY UPDATE[0m
[0;32mI (131502) MAIN: ATH20 - Temp: 25.5, Hum: 52.3[0m
[0;32mI (131682) MAIN: HEARTHBEAT[0m
[0;32mI (132682) MAIN: HEARTHBEAT[0m
[0;32mI (132702) MAIN: ATH20 - Temp: 25.5, Hum: 52.1[0m
