[37m␛[37m[0;32mI (338860) MAIN: HEARTHBE[37mA[37mT␛[0m
[37m␛[37m[0;32mI (338980) MAIN: ATH20 - [37mT[37memp: 25.7, Hum: 51.4␛[0m
[37m␛[37m[0;32mI (339860) MAIN: HEARTHBE[37mA[37mT␛[0m
[37m␛[37m[0;32mI (340160) MAIN: ATH20 - [37mT[37memp: 25.7, Hum: 51.5␛[0m
[37m␛[37m[0;32mI (340860) MAIN: HEARTHBE[37mA[37mT␛[0m
[37m␛[37m[0;32mI (341340) MAIN: ATH20 - [37mT[37memp: 25.7, Hum: 51.5␛[0m
[37m␛[37m[0;32mI (341860) MAIN: HEARTHBE[37mA[37mT␛[0m
[37m␛[37m[0;32mI (342520) MAIN: ATH20 - [37mT[37memp: 25.7, Hum: 51.4␛[0m
[37m␛[37m[0;32mI (342660) MAIN: BMP280 -[37m [37mTemp: 26.0, Press: 1009.6␛[0m
[37m␛[37m[0;32mI (342670) MAIN: DISPLAY [37mU[37mPDATE␛[0m
[37m␛[37m[0;32mI (342860) MAIN: HEARTHBE[37mA[37mT␛[0m
[37m␛[37m[0;32mI (343650) MAIN: ATH20 - [37mT[37memp: 25.7, Hum: 51.4␛[0m
[37m␛[37m[0;32mI (343860) MAIN: HEARTHBE[37mA[37mT␛[0m
[37m␛[37m[0;32mI (344830) MAIN: ATH20 - [37mT[37memp: 25.7, Hum: 51.6␛[0m
␛[0;3[37m2[37mmI (344860) MAIN: HEARTHBEAT␛[0[37mm[37m
[37m␛[37m[0;32mI (345860) MAIN: HEARTHBE[37mA[37mT␛[0m
[37m␛[37m[0;32mI (346010) MAIN: ATH20 - [37mT[37memp: 25.7, Hum: 51.5␛[0m
[37m␛[37m[0;32mI (346860) MAIN: HEARTHBE[37mA[37mT␛[0m
[37m␛[37m[0;32mI (347190) MAIN: ATH20 - [37mT[37memp: 25.7, Hum: 51.6␛[0m
[37m␛[37m[0;32mI (347790) MAIN: BMP280 -[37m [37mTemp: 26.0, Press: 1009.6␛[0m
[37m␛[37m[0;32mI (347820) MAIN: DISPLAY [37mU[37mPDATE␛[0m
␛[0;32mI (347860) MA[37mI[37mN: HEARTHBEAT␛[0m
[37m␛[37m[0;32mI (348320) MAIN: ATH20 - [37mT[37memp: 25.7, Hum: 51.6␛[0m
[37m␛[37m[0;32mI (348860) MAIN: HEARTHBE[37mA[37mT␛[0m
[37m␛[37m[0;32mI (349450) MAIN: ATH20 - [37mT[37memp: 25.7, Hum: 51.6␛[0m
[37m␛[37m[0;32mI (349860) MAIN: HEARTHBE[37mA[37mT␛[0m
[37m␛[37m[0;32mI (350630) MAIN: ATH20 - [37mT[37memp: 25.7, Hum: 51.5␛[0m
[37m␛[37m[0;32mI (350860) MAIN: HEARTHBE[37mA[37mT␛[0m
[37m␛[37m[0;32mI (351810) MAIN: ATH20 - [37mT[37memp: 25.7, Hum: 51.5␛[0m
␛[0;3[37m2[37mmI (351860) MAIN: HEARTHBEAT␛[0[37mm[37m
[37m␛[37m[0;32mI (352860) MAIN: HEARTHBE[37mA[37mT␛[0m
[37m␛[37m[0;32mI (352930) MAIN: BMP280 -[37m [37mTemp: 26.0, Press: 1009.6␛[0m
[37m␛[37m[0;32mI (352950) MAIN: DISPLAY [37mU[37mPDATE␛[0m
[37m␛[37m[0;32mI (353070) MAIN: ATH20 - [37mT[37memp: 25.7, Hum: 51.5␛[0m
[37m␛[37m[0;32mI (353860) MAIN: HEARTHBE[37mA[37mT␛[0m
[37m␛[37m[0;32mI (354200) MAIN: ATH20 - [37mT[37memp: 25.7, Hum: 51.5␛[0m
[37m␛[37m[0;32mI (354860) MAIN: HEARTHBE[37mA[37mT␛[0m
[37m␛[37m[0;32mI (355370) MAIN: ATH20 - [37mT[37memp: 25.7, Hum: 51.4␛[0m
[37m␛[37m[0;32mI (355860) MAIN: HEARTHBE[37mA[37mT␛[0m
[37m␛[37m[0;32mI (356550) MAIN: ATH20 - [37mT[37memp: 25.7, Hum: 51.4␛[0m
[37m␛[37m[0;32mI (356860) MAIN: HEARTHBE[37mA[37mT␛[0m
[37m␛[37m[0;32mI (357730) MAIN: ATH20 - [37mT[37memp: 25.8, Hum: 51.3␛[0m
[37m␛[37m[0;32mI (357860) MAIN: HEARTHBE[37mA[37mT␛[0m
[37m␛[37m[0;32mI (358060) MAIN: BMP280 -[37m [37mTemp: 26.0, Press: 1009.6␛[0m
[37m␛[37m[0;32mI (358090) MAIN: DISPLAY [37mU[37mPDATE␛[0m
[37m␛[37m[0;32mI (358860) MAIN: HEARTHBE[37mA[37mT␛[0m
␛[0;32mI (358860) MAIN: [37mA[37mTH20 - Temp: 25.8, Hum: 51.3␛[0[37mm[37m
[37m␛[37m[0;32mI (359860) MAIN: HEARTHBE[37mA[37mT␛[0m
[37m␛[37m[0;32mI (360060) MAIN: ATH20 - [37mT[37memp: 25.8, Hum: 51.1␛[0m
[37m␛[37m[0;32mI (360860) MAIN: HEARTHBE[37mA[37mT␛[0m
[37m␛[37m[0;32mI (361240) MAIN: ATH20 - [37mT[37memp: 25.8, Hum: 51.1␛[0m
[37m␛[37m[0;32mI (361860) MAIN: HEARTHBE[37mA[37mT␛[0m
[37m␛[37m[0;32mI (362420) MAIN: ATH20 - [37mT[37memp: 25.8, Hum: 51.1␛[0m
[37m␛[37m[0;32mI (362860) MAIN: HEARTHBE[37mA[37mT␛[0m
[37m␛[37m[0;32mI (363200) MAIN: BMP280 -[37m [37mTemp: 26.1, Press: 1009.6␛[0m
[37m␛[37m[0;32mI (363230) MAIN: DISPLAY [37mU[37mPDATE␛[0m
[37m␛[37m[0;32mI (363550) MAIN: ATH20 - [37mT[37memp: 25.8, Hum: 51.1␛[0m
[37m␛[37m[0;32mI (363860) MAIN: HEARTHBE[37mA[37mT␛[0m
[37m␛[37m[0;32mI (364680) MAIN: ATH20 - [37mT[37memp: 25.8, Hum: 51.1␛[0m
[37m␛[37m[0;32mI (364860) MAIN: HEARTHBE[37mA[37mT␛[0m
[37m␛[37m[0;32mI (365860) MAIN: HEARTHBE[37mA[37mT␛[0m
␛[0;32mI (365860) MAIN: [37mA[37mTH20 - Temp: 25.8, Hum: 50.9␛[0[37mm[37m
[37m␛[37m[0;32mI (366860) MAIN: HEARTHBE[37mA[37mT␛[0m
[37m␛[37m[0;32mI (367040) MAIN: ATH20 - [37mT[37memp: 25.7, Hum: 50.8␛[0m
[37m␛[37m[0;32mI (367860) MAIN: HEARTHBE[37mA[37mT␛[0m
[37m␛[37m[0;32mI (368220) MAIN: ATH20 - [37mT[37memp: 25.8, Hum: 50.8␛[0m
␛[0;3[37m2[37mmI (368250) MAIN: DISPLAY UPDAT[37mE[37m␛[0m
[37m␛[37m[0;32mI (368860) MAIN: HEARTHBE[37mA[37mT␛[0m
[37m␛[37m[0;32mI (369270) MAIN: BMP280 -[37m [37mTemp: 26.1, Press: 1009.6␛[0m
[37m␛[37m[0;32mI (369400) MAIN: ATH20 - [37mT[37memp: 25.8, Hum: 50.8␛[0m
[37m␛[37m[0;32mI (369860) MAIN: HEARTHBE[37mA[37mT␛[0m
[37m␛[37m[0;32mI (370580) MAIN: ATH20 - [37mT[37memp: 25.8, Hum: 50.8␛[0m
[37m␛[37m[0;32mI (370860) MAIN: HEARTHBE[37mA[37mT␛[0m
[37m␛[37m[0;32mI (371760) MAIN: ATH20 - [37mT[37memp: 25.8, Hum: 51.0␛[0m
[37m␛[37m[0;32mI (371860) MAIN: HEARTHBE[37mA[37mT␛[0m
[37m␛[37m[0;32mI (372860) MAIN: HEARTHBE[37mA[37mT␛[0m
[37m␛[37m[0;32mI (372940) MAIN: ATH20 - [37mT[37memp: 25.8, Hum: 51.0␛[0m
[37m␛[37m[0;32mI (373270) MAIN: DISPLAY [37mU[37mPDATE␛[0m
[37m␛[37m[0;32mI (373860) MAIN: HEARTHBE[37mA[37mT␛[0m
[37m␛[37m[0;32mI (374070) MAIN: ATH20 - [37mT[37memp: 25.8, Hum: 51.0␛[0m
[37m␛[37m[0;32mI (374860) MAIN: HEARTHBE[37mA[37mT␛[0m
[37m␛[37m[0;32mI (375250) MAIN: BMP280 -[37m [37mTemp: 26.1, Press: 1009.7␛[0m
[37m␛[37m[0;32mI (375410) MAIN: ATH20 - [37mT[37memp: 25.8, Hum: 51.1␛[0m
[37m␛[37m[0;32mI (375860) MAIN: HEARTHBE[37mA[37mT␛[0m
[37m␛[37m[0;32mI (376590) MAIN: ATH20 - [37mT[37memp: 25.8, Hum: 51.1␛[0m
[37m␛[37m[0;32mI (376860) MAIN: HEARTHBE[37mA[37mT␛[0m
[37m␛[37m[0;32mI (377770) MAIN: ATH20 - [37mT[37memp: 25.8, Hum: 51.0␛[0m
[37m␛[37m[0;32mI (377860) MAIN: HEARTHBE[37mA[37mT␛[0m
[37m␛[37m[0;32mI (378290) MAIN: DISPLAY [37mU[37mPDATE␛[0m
[37m␛[37m[0;32mI (378860) MAIN: HEARTHBE[37mA[37mT␛[0m
␛[0;32mI (378900) MAIN: [37mA[37mTH20 - Temp: 25.8, Hum: 51.0␛[0[37mm[37m
[37m␛[37m[0;32mI (379860) MAIN: HEARTHBE[37mA[37mT␛[0m
[37m␛[37m[0;32mI (380030) MAIN: ATH20 - [37mT[37memp: 25.8, Hum: 51.0␛[0m
[37m␛[37m[0;32mI (380380) MAIN: BMP280 -[37m [37mTemp: 26.1, Press: 1009.7␛[0m
[37m␛[37m[0;32mI (380860) MAIN: HEARTHBE[37mA[37mT␛[0m
[37m␛[37m[0;32mI (381210) MAIN: ATH20 - [37mT[37memp: 25.8, Hum: 50.9␛[0m
[37m␛[37m[0;32mI (381860) MAIN: HEARTHBE[37mA[37mT␛[0m
[37m␛[37m[0;32mI (382390) MAIN: ATH20 - [37mT[37memp: 25.8, Hum: 50.8␛[0m
[37m␛[37m[0;32mI (382860) MAIN: HEARTHBE[37mA[37mT␛[0m
[37m␛[37m[0;32mI (383310) MAIN: DISPLAY [37mU[37mPDATE␛[0m
[37m␛[37m[0;32mI (383520) MAIN: ATH20 - [37mT[37memp: 25.8, Hum: 50.8␛[0m
[37m␛[37m[0;32mI (383860) MAIN: HEARTHBE[37mA[37mT␛[0m
[37m␛[37m[0;32mI (384640) MAIN: ATH20 - [37mT[37memp: 25.8, Hum: 50.8␛[0m
[37m␛[37m[0;32mI (384860) MAIN: HEARTHBE[37mA[37mT␛[0m
[37m␛[37m[0;32mI (385520) MAIN: BMP280 -[37m [37mTemp: 26.1, Press: 1009.6␛[0m
[37m␛[37m[0;32mI (385810) MAIN: ATH20 - [37mT[37memp: 25.8, Hum: 50.6␛[0m
␛[0;3[37m2[37mmI (385860) MAIN: HEARTHBEAT␛[0[37mm[37m
[37m␛[37m[0;32mI (386860) MAIN: HEARTHBE[37mA[37mT␛[0m
[37m␛[37m[0;32mI (386980) MAIN: ATH20 - [37mT[37memp: 25.8, Hum: 50.6␛[0m
[37m␛[37m[0;32mI (387860) MAIN: HEARTHBE[37mA[37mT␛[0m
[37m␛[37m[0;32mI (388160) MAIN: ATH20 - [37mT[37memp: 25.8, Hum: 50.6␛[0m
[37m␛[37m[0;32mI (388330) MAIN: DISPLAY [37mU[37mPDATE␛[0m
[37m␛[37m[0;32mI (388860) MAIN: HEARTHBE[37mA[37mT␛[0m
[37m␛[37m[0;32mI (389290) MAIN: ATH20 - [37mT[37memp: 25.8, Hum: 50.6␛[0m
[37m␛[37m[0;32mI (389860) MAIN: HEARTHBE[37mA[37mT␛[0m
[37m␛[37m[0;32mI (390470) MAIN: ATH20 - [37mT[37memp: 25.8, Hum: 50.5␛[0m
[37m␛[37m[0;32mI (390660) MAIN: BMP280 -[37m [37mTemp: 26.1, Press: 1009.7␛[0m
[37m␛[37m[0;32mI (390860) MAIN: HEARTHBE[37mA[37mT␛[0m
[37m␛[37m[0;32mI (391650) MAIN: ATH20 - [37mT[37memp: 25.8, Hum: 50.6␛[0m
[37m␛[37m[0;32mI (391860) MAIN: HEARTHBE[37mA[37mT␛[0m
[37m␛[37m[0;32mI (392830) MAIN: ATH20 - [37mT[37memp: 25.8, Hum: 50.6␛[0m
␛[0;3[37m2[37mmI (392860) MAIN: HEARTHBEAT␛[0[37mm[37m
[37m␛[37m[0;32mI (393350) MAIN: DISPLAY [37mU[37mPDATE␛[0m
[37m␛[37m[0;32mI (393860) MAIN: HEARTHBE[37mA[37mT␛[0m
[37m␛[37m[0;32mI (393960) MAIN: ATH20 - [37mT[37memp: 25.8, Hum: 50.6␛[0m
[37m␛[37m[0;32mI (394860) MAIN: HEARTHBE[37mA[37mT␛[0m
[37m␛[37m[0;32mI (395090) MAIN: ATH20 - [37mT[37memp: 25.8, Hum: 50.6␛[0m
[37m␛[37m[0;32mI (395790) MAIN: BMP280 -[37m [37mTemp: 26.1, Press: 1009.7␛[0m
[37m␛[37m[0;32mI (395860) MAIN: HEARTHBE[37mA[37mT␛[0m
[37m␛[37m[0;32mI (396270) MAIN: ATH20 - [37mT[37memp: 25.8, Hum: 50.8␛[0m
[37m␛[37m[0;32mI (396860) MAIN: HEARTHBE[37mA[37mT␛[0m
[37m␛[37m[0;32mI (397450) MAIN: ATH20 - [37mT[37memp: 25.8, Hum: 50.8␛[0m
[37m␛[37m[0;32mI (397860) MAIN: HEARTHBE[37mA[37mT␛[0m
[37m␛[37m[0;32mI (398370) MAIN: DISPLAY [37mU[37mPDATE␛[0m
[37m␛[37m[0;32mI (398570) MAIN: ATH20 - [37mT[37memp: 25.8, Hum: 50.8␛[0m
[37m␛[37m[0;32mI (398860) MAIN: HEARTHBE[37mA[37mT␛[0m
[37m␛[37m[0;32mI (399700) MAIN: ATH20 - [37mT[37memp: 25.8, Hum: 50.8␛[0m
[37m␛[37m[0;32mI (399860) MAIN: HEARTHBE[37mA[37mT␛[0m
