[0;32m[0;32mI (1582) uart: queue free spaces: 10[0m
[0;32mI (1582) MAIN: INIT START[0m
I (1632) wifi:wifi driver task: 3ffc3f78, prio:23, stack:6656, core=0
I (1652) wifi:wifi firmware version: a9f5b59
I (1652) wifi:wifi certification version: v7.0
I (1652) wifi:config NVS flash: enabled
I (1652) wifi:config nano formating: disabled
I (1662) wifi:Init data frame dynamic rx buffer num: 32
I (1662) wifi:Init static rx mgmt buffer num: 5
I (1672) wifi:Init management short buffer num: 32
I (1672) wifi:Init dynamic tx buffer num: 32
I (1682) wifi:Init static rx buffer size: 1600
I (1682) wifi:Init static rx buffer num: 10
I (1682) wifi:Init dynamic rx buffer num: 32
[0;32mI (1692) wifi_init: rx ba win: 6[0m
[0;32mI (1692) wifi_init: tcpip mbox: 32[0m
[0;32mI (1702) wifi_init: udp mbox: 6[0m
[0;32mI (1702) wifi_init: tcp mbox: 6[0m
[0;32mI (1702) wifi_init: tcp tx win: 5760[0m
[0;32mI (1712) wifi_init: tcp rx win: 5760[0m
[0;32mI (1712) wifi_init: tcp mss: 1440[0m
[0;32mI (1722) wifi_init: WiFi IRAM OP enabled[0m
[0;32mI (1722) wifi_init: WiFi RX IRAM OP enabled[0m
[0;32mI (1732) phy_init: phy_version 4791,2c4672b,Dec 20 2023,16:06:06[0m
I (1822) wifi:mode : sta (08:f9:e0:d3:b2:34)
I (1822) wifi:enable tsf
I (1832) wifi:new:<4,0>, old:<1,0>, ap:<255,255>, sta:<4,0>, prof:1
I (1832) wifi:state: init -> auth (b0)
I (1852) wifi:state: auth -> assoc (0)
I (1852) wifi:state: assoc -> run (10)
I (1902) wifi:connected with INEA-33EE_2.4G, aid = 3, channel 4, BW20, bssid = e4:47:b3:d8:b6:4a
I (1902) wifi:security: WPA2-PSK, phy: bgn, rssi: -69
I (1912) wifi:pm start, type: 1

I (1912) wifi:dp: 1, bi: 102400, li: 3, scale listen interval from 307200 us to 307200 us
I (1942) wifi:AP's beacon interval = 102400 us, DTIM period = 1
[0;32mI (4922) esp_netif_handlers: sta ip: 192.168.1.6, mask: 255.255.255.0, gw: 192.168.1.1[0m
[0;32mI (4922) CONNECTION: WIFI: Connected 192.168.1.6[0m
[0;32mI (4922) MAIN: WIFI INIT OKEY
[0m
[0;32mI (4932) CONNECTION: Other event id:7[0m
I (4942) wifi:<ba-add>idx:0 (ifx:0, e4:47:b3:d8:b6:4a), tid:0, ssn:2, winSize:64
[0;32mI (4982) CONNECTION: MQTT_EVENT_CONNECTED[0m
[0;32mI (4992) CONNECTION: sent publish successful, msg_id=10292[0m
[0;32mI (4992) CONNECTION: sent subscribe successful, msg_id=36864[0m
[0;32mI (4992) CONNECTION: sent subscribe successful, msg_id=65279[0m
[0;32mI (5002) CONNECTION: sent unsubscribe successful, msg_id=46806[0m
[0;32mI (5002) SSD1306: OLED configured successfully[0m
[0;32mI (5012) CONNECTION: MQTT_EVENT_PUBLISHED, msg_id=10292[0m
[0;32mI (5022) CONNECTION: MQTT_EVENT_SUBSCRIBED, msg_id=36864[0m
[0;32mI (5022) CONNECTION: sent publish successful, msg_id=0[0m
[0;32mI (5032) CONNECTION: MQTT_EVENT_SUBSCRIBED, msg_id=65279[0m
[0;32mI (5032) CONNECTION: sent publish successful, msg_id=0[0m
[0;32mI (5042) CONNECTION: MQTT_EVENT_UNSUBSCRIBED, msg_id=46806[0m
[0;32mI (5052) CONNECTION: MQTT_EVENT_DATA[0m
TOPIC=/topic/qos0
DATA=data
[0;32mI (5152) MAIN: INIT END[0m
[0;32mI (5332) CONNECTION: MQTT_EVENT_DATA[0m
TOPIC=/topic/qos0
DATA=data
[0;32mI (5392) MAIN: ATH20 - Temp: 25.5, Hum: 51.6[0m
[0;32mI (5532) MAIN: BMP280 - Temp: 25.8, Press: 1009.9[0m
[0;32mI (5552) MAIN: DISPLAY UPDATE[0m
[0;32mI (6252) MAIN: HEARTHBEAT[0m
[0;32mI (6522) MAIN: ATH20 - Temp: 25.5, Hum: 51.6[0m
[0;32mI (7252) MAIN: HEARTHBEAT[0m
[0;32mI (7692) MAIN: ATH20 - Temp: 25.5, Hum: 51.6[0m
[0;32mI (8252) MAIN: HEARTHBEAT[0m
[0;32mI (8872) MAIN: ATH20 - Temp: 25.5, Hum: 51.6[0m
[0;32mI (9252) MAIN: HEARTHBEAT[0m
[0;32mI (10052) MAIN: ATH20 - Temp: 25.5, Hum: 51.6[0m
[0;32mI (10252) MAIN: HEARTHBEAT[0m
[0;32mI (10672) MAIN: BMP280 - Temp: 25.8, Press: 1009.9[0m
[0;32mI (10692) MAIN: DISPLAY UPDATE[0m
[0;32mI (11182) MAIN: ATH20 - Temp: 25.5, Hum: 51.6[0m
[0;32mI (11252) MAIN: HEARTHBEAT[0m
[0;32mI (12252) MAIN: HEARTHBEAT[0m
